<?xml version="1.0" encoding="UTF-8"?>
<!-- Generated by org.testng.reporters.JUnitReportReporter -->
<testsuite hostname="Admin" failures="0" tests="1" name="appium.loginTest" time="41.813" errors="0" timestamp="2024-05-01T21:45:24 ICT" skipped="0">
  <testcase classname="appium.loginTest" name="testLogin" time="41.813"/>
</testsuite> <!-- appium.loginTest -->
